<?xml version="1.0" encoding="UTF-8"?>
<!-- Generated by org.testng.reporters.JUnitReportReporter -->
<testsuite hostname="macbook.local" name="com.medialets.CISauceDemo.CorrectPageTest" tests="1" failures="0" timestamp="11 Apr 2016 14:55:28 GMT" time="7.345" errors="0">
  <testcase name="verifyHomePageTitle" time="7.345" classname="com.medialets.CISauceDemo.CorrectPageTest"/>
</testsuite> <!-- com.medialets.CISauceDemo.CorrectPageTest -->
