<?xml version="1.0" encoding="UTF-8"?>
<!-- Generated by org.testng.reporters.JUnitReportReporter -->
<testsuite hostname="macbook.local" name="com.medialets.CISauceDemo.CorrectPageTest" tests="1" failures="0" timestamp="11 Apr 2016 15:02:01 GMT" time="8.324" errors="0">
  <testcase name="verifyHomePageTitle" time="8.324" classname="com.medialets.CISauceDemo.CorrectPageTest"/>
</testsuite> <!-- com.medialets.CISauceDemo.CorrectPageTest -->
